  driver.cpp
  main.cpp
C:\Program Files\Microsoft Visual Studio\2022\Community\VC\Tools\MSVC\14.34.31933\include\filesystem(13): warning STL4038: The contents of <filesystem> are available only with C++17 or later.
C:\Users\blkad\Downloads\CodMWKernelInjector-main\CodMWKernelInjector-main\Communication\api.h(8,22): error C2664: 'time_t time(time_t *const )': cannot convert argument 1 from 'time_t' to 'time_t *const '
C:\Users\blkad\Downloads\CodMWKernelInjector-main\CodMWKernelInjector-main\Communication\api.h(8,35): message : Conversion from integral type to pointer type requires reinterpret_cast, C-style cast or parenthesized function-style cast
C:\Program Files (x86)\Windows Kits\10\Include\10.0.22621.0\ucrt\time.h(548,42): message : see declaration of 'time'
C:\Users\blkad\Downloads\CodMWKernelInjector-main\CodMWKernelInjector-main\Communication\api.h(8,22): message : while trying to match the argument list '(time_t)'
C:\Users\blkad\Downloads\CodMWKernelInjector-main\CodMWKernelInjector-main\Communication\api.h(22,22): error C2664: 'time_t time(time_t *const )': cannot convert argument 1 from 'time_t' to 'time_t *const '
C:\Users\blkad\Downloads\CodMWKernelInjector-main\CodMWKernelInjector-main\Communication\api.h(22,35): message : Conversion from integral type to pointer type requires reinterpret_cast, C-style cast or parenthesized function-style cast
C:\Program Files (x86)\Windows Kits\10\Include\10.0.22621.0\ucrt\time.h(548,42): message : see declaration of 'time'
C:\Users\blkad\Downloads\CodMWKernelInjector-main\CodMWKernelInjector-main\Communication\api.h(22,22): message : while trying to match the argument list '(time_t)'
C:\Users\blkad\Downloads\CodMWKernelInjector-main\CodMWKernelInjector-main\main.cpp(15,1): warning C4005: '_WIN32_WINNT': macro redefinition
C:\Program Files (x86)\Windows Kits\10\Include\10.0.22621.0\shared\sdkddkver.h(224,1): message : see previous definition of '_WIN32_WINNT'
C:\Users\blkad\Downloads\CodMWKernelInjector-main\CodMWKernelInjector-main\main.cpp(135,2): warning C4551: function call missing argument list
  Generating Code...
